2025-07-16 15:15:07,236 - ecl_adjustment - INFO - ============================================================
2025-07-16 15:15:07,236 - ecl_adjustment - INFO - Starting mid-run adjustment for exposure_table_staged
2025-07-16 15:15:07,236 - ecl_adjustment - INFO - ============================================================
2025-07-16 15:15:07,237 - ecl_adjustment - INFO - Processing 1 adjustment rows
2025-07-16 15:15:07,238 - ecl_adjustment - INFO - Parameter table columns: ['Parameter name', 'action', 'interim_output', 'condition_column_1', 'condition_value_1', 'condition_column_2', 'condition_value_2', 'condition_column_3', 'condition_value_3', 'adj_column', 'adj_approach', 'adj_value', 'adj_dtype', 'remark']
2025-07-16 15:15:07,241 - ecl_adjustment - INFO - Row 1: Set final_stage = 3 (converted to int) for 46 rows where segment: in:Corporate; sub_segment: in:NCN,CN
2025-07-16 15:15:07,242 - ecl_adjustment - INFO - ============================================================
2025-07-16 15:15:07,242 - ecl_adjustment - INFO - Mid-run adjustment complete - Final shape: (879, 72)
2025-07-16 15:15:07,242 - ecl_adjustment - INFO - ============================================================
2025-07-16 15:15:12,875 - ecl_adjustment - INFO - ============================================================
2025-07-16 15:15:12,875 - ecl_adjustment - INFO - Starting mid-run adjustment for exposure_table_preprocessed
2025-07-16 15:15:12,875 - ecl_adjustment - INFO - ============================================================
2025-07-16 15:15:12,876 - ecl_adjustment - INFO - Processing 2 adjustment rows
2025-07-16 15:15:12,876 - ecl_adjustment - INFO - Parameter table columns: ['Parameter name', 'action', 'interim_output', 'condition_column_1', 'condition_value_1', 'condition_column_2', 'condition_value_2', 'condition_column_3', 'condition_value_3', 'adj_column', 'adj_approach', 'adj_value', 'adj_dtype', 'remark']
2025-07-16 15:15:12,877 - ecl_adjustment - WARNING - Row 2: No rows matched conditions (deal_id: in:ALS:18100912000000000016501019)
2025-07-16 15:15:12,877 - ecl_adjustment - WARNING - Row 3: No rows matched conditions (deal_id: in:ALS:18100912000000000016502279)
2025-07-16 15:15:12,878 - ecl_adjustment - INFO - ============================================================
2025-07-16 15:15:12,878 - ecl_adjustment - INFO - Mid-run adjustment complete - Final shape: (877, 79)
2025-07-16 15:15:12,878 - ecl_adjustment - INFO - ============================================================
2025-07-16 15:22:47,605 - ecl_adjustment - INFO - ============================================================
2025-07-16 15:22:47,606 - ecl_adjustment - INFO - Starting mid-run adjustment for exposure_table_staged
2025-07-16 15:22:47,606 - ecl_adjustment - INFO - ============================================================
2025-07-16 15:22:47,606 - ecl_adjustment - INFO - Processing 1 adjustment rows
2025-07-16 15:22:47,606 - ecl_adjustment - INFO - Parameter table columns: ['Parameter name', 'action', 'interim_output', 'condition_column_1', 'condition_value_1', 'condition_column_2', 'condition_value_2', 'condition_column_3', 'condition_value_3', 'adj_column', 'adj_approach', 'adj_value', 'adj_dtype', 'remark']
2025-07-16 15:22:47,607 - ecl_adjustment - INFO - Row 1: Set final_stage = 3 (converted to int) for 1 rows where segment: in:Corporate; sub_segment: in:NCN,CN
2025-07-16 15:22:47,608 - ecl_adjustment - INFO - ============================================================
2025-07-16 15:22:47,608 - ecl_adjustment - INFO - Mid-run adjustment complete - Final shape: (2, 72)
2025-07-16 15:22:47,608 - ecl_adjustment - INFO - ============================================================
2025-07-16 15:31:05,019 - ecl_adjustment - INFO - ============================================================
2025-07-16 15:31:05,020 - ecl_adjustment - INFO - Starting mid-run adjustment for exposure_table_staged
2025-07-16 15:31:05,020 - ecl_adjustment - INFO - ============================================================
2025-07-16 15:31:05,020 - ecl_adjustment - INFO - Processing 1 adjustment rows
2025-07-16 15:31:05,021 - ecl_adjustment - INFO - Parameter table columns: ['Parameter name', 'action', 'interim_output', 'condition_column_1', 'condition_value_1', 'condition_column_2', 'condition_value_2', 'condition_column_3', 'condition_value_3', 'adj_column', 'adj_approach', 'adj_value', 'adj_dtype', 'remark']
2025-07-16 15:31:05,025 - ecl_adjustment - INFO - Row 1: Set final_stage = 3 (converted to int) for 1 rows where segment: in:Corporate; sub_segment: in:NCN,CN
2025-07-16 15:31:05,026 - ecl_adjustment - INFO - ============================================================
2025-07-16 15:31:05,026 - ecl_adjustment - INFO - Mid-run adjustment complete - Final shape: (2, 72)
2025-07-16 15:31:05,026 - ecl_adjustment - INFO - ============================================================
