2025-07-16 15:15:07,064 - ecl_calculation - INFO - ==================================================
2025-07-16 15:15:07,064 - ecl_calculation - INFO - Starting ECL Calculation Process
2025-07-16 15:15:07,064 - ecl_calculation - INFO - ==================================================
2025-07-16 15:15:07,065 - ecl_calculation - INFO - 1.1. Loading data
2025-07-16 15:15:12,874 - ecl_calculation - INFO - 	Data loaded successfully
2025-07-16 15:15:12,875 - ecl_calculation - INFO - 1.2. Adjustment
2025-07-16 15:15:12,878 - ecl_calculation - INFO - 2.2. Off_Balance EAD Generation
2025-07-16 15:15:13,752 - ecl_calculation - INFO - 	Off_Balance EAD generation completed
2025-07-16 15:22:47,521 - ecl_calculation - INFO - ==================================================
2025-07-16 15:22:47,521 - ecl_calculation - INFO - Starting ECL Calculation Process
2025-07-16 15:22:47,521 - ecl_calculation - INFO - ==================================================
2025-07-16 15:22:47,521 - ecl_calculation - INFO - 1.1. Loading data
2025-07-16 15:22:47,675 - ecl_calculation - ERROR - 	Failed to load data
Traceback (most recent call last):
  File "C:\Users\UV665AR\AppData\Local\miniconda3\envs\test\Lib\site-packages\pandas\core\indexes\base.py", line 3805, in get_loc
    return self._engine.get_loc(casted_key)
           ~~~~~~~~~~~~~~~~~~~~^^^^^^^^^^^^
  File "index.pyx", line 167, in pandas._libs.index.IndexEngine.get_loc
  File "index.pyx", line 196, in pandas._libs.index.IndexEngine.get_loc
  File "pandas\\_libs\\hashtable_class_helper.pxi", line 7081, in pandas._libs.hashtable.PyObjectHashTable.get_item
  File "pandas\\_libs\\hashtable_class_helper.pxi", line 7089, in pandas._libs.hashtable.PyObjectHashTable.get_item
KeyError: 'DEAL_ID'

The above exception was the direct cause of the following exception:

Traceback (most recent call last):
  File "C:\Users\UV665AR\OneDrive - EY\Documents\GitHub\CNCBI_ECL_UI\EY_working\ECL_Engine\src\services\ecl_engine_service.py", line 43, in run_ecl_engine
    expo_df, expo_df_stage_3, coll_df, sched_df, fac_df, fac_df_stage_3, off_df_deal, off_df_fac = dp.run(
                                                                                                   ~~~~~~^
        context=context, param=param)
        ^^^^^^^^^^^^^^^^^^^^^^^^^^^^^
  File "C:\Users\UV665AR\OneDrive - EY\Documents\GitHub\CNCBI_ECL_UI\EY_working\ECL_Engine\src\modules\io_handler\data_preprocessor.py", line 50, in run
    coll_df = self._process_collateral_table(param, expo_df)
  File "C:\Users\UV665AR\OneDrive - EY\Documents\GitHub\CNCBI_ECL_UI\EY_working\ECL_Engine\src\modules\io_handler\data_preprocessor.py", line 126, in _process_collateral_table
    coll_df = self.filter_test_data(coll_df, 'collateral', expo_df)
  File "C:\Users\UV665AR\OneDrive - EY\Documents\GitHub\CNCBI_ECL_UI\EY_working\ECL_Engine\src\modules\io_handler\data_preprocessor.py", line 286, in filter_test_data
    test_fac_nr_list = expo_df[expo_df['DEAL_ID'].isin(
                               ~~~~~~~^^^^^^^^^^^
  File "C:\Users\UV665AR\AppData\Local\miniconda3\envs\test\Lib\site-packages\pandas\core\frame.py", line 4102, in __getitem__
    indexer = self.columns.get_loc(key)
  File "C:\Users\UV665AR\AppData\Local\miniconda3\envs\test\Lib\site-packages\pandas\core\indexes\base.py", line 3812, in get_loc
    raise KeyError(key) from err
KeyError: 'DEAL_ID'
2025-07-16 15:29:36,738 - ecl_calculation - INFO - ==================================================
2025-07-16 15:29:36,738 - ecl_calculation - INFO - Starting ECL Calculation Process
2025-07-16 15:29:36,738 - ecl_calculation - INFO - ==================================================
2025-07-16 15:29:36,738 - ecl_calculation - INFO - 1.1. Loading data
2025-07-16 15:29:36,813 - ecl_calculation - ERROR - 	Failed to load data
Traceback (most recent call last):
  File "C:\Users\UV665AR\OneDrive - EY\Documents\GitHub\CNCBI_ECL_UI\EY_working\ECL_Engine\src\services\ecl_engine_service.py", line 43, in run_ecl_engine
    expo_df, expo_df_stage_3, coll_df, sched_df, fac_df, fac_df_stage_3, off_df_deal, off_df_fac = dp.run(
                                                                                                   ~~~~~~^
        context=context, param=param)
        ^^^^^^^^^^^^^^^^^^^^^^^^^^^^^
  File "C:\Users\UV665AR\OneDrive - EY\Documents\GitHub\CNCBI_ECL_UI\EY_working\ECL_Engine\src\modules\io_handler\data_preprocessor.py", line 44, in run
    expo_df, expo_df_stage_3 = self._process_exposure_table(context, param)
                               ~~~~~~~~~~~~~~~~~~~~~~~~~~~~^^^^^^^^^^^^^^^^
  File "C:\Users\UV665AR\OneDrive - EY\Documents\GitHub\CNCBI_ECL_UI\EY_working\ECL_Engine\src\modules\io_handler\data_preprocessor.py", line 81, in _process_exposure_table
    expo_df = self.filter_test_data(expo_df, 'exposure')
  File "C:\Users\UV665AR\OneDrive - EY\Documents\GitHub\CNCBI_ECL_UI\EY_working\ECL_Engine\src\modules\io_handler\data_preprocessor.py", line 259, in filter_test_data
    test_fac_nr_list = expo_df[expo_df['DEAL_ID'].isin(
                               ~~~~~~~^^^^^^^^^^^
TypeError: 'NoneType' object is not subscriptable
2025-07-16 15:31:04,879 - ecl_calculation - INFO - ==================================================
2025-07-16 15:31:04,880 - ecl_calculation - INFO - Starting ECL Calculation Process
2025-07-16 15:31:04,880 - ecl_calculation - INFO - ==================================================
2025-07-16 15:31:04,881 - ecl_calculation - INFO - 1.1. Loading data
2025-07-16 15:31:05,242 - ecl_calculation - ERROR - 	Failed to load data
Traceback (most recent call last):
  File "C:\Users\UV665AR\OneDrive - EY\Documents\GitHub\CNCBI_ECL_UI\EY_working\ECL_Engine\src\services\ecl_engine_service.py", line 43, in run_ecl_engine
    expo_df, expo_df_stage_3, coll_df, sched_df, fac_df, fac_df_stage_3, off_df_deal, off_df_fac = dp.run(
                                                                                                   ~~~~~~^
        context=context, param=param)
        ^^^^^^^^^^^^^^^^^^^^^^^^^^^^^
  File "C:\Users\UV665AR\OneDrive - EY\Documents\GitHub\CNCBI_ECL_UI\EY_working\ECL_Engine\src\modules\io_handler\data_preprocessor.py", line 53, in run
    fac_df, fac_df_stage_3 = self._process_facility_table(param, expo_df)
                             ~~~~~~~~~~~~~~~~~~~~~~~~~~~~^^^^^^^^^^^^^^^^
  File "C:\Users\UV665AR\OneDrive - EY\Documents\GitHub\CNCBI_ECL_UI\EY_working\ECL_Engine\src\modules\io_handler\data_preprocessor.py", line 157, in _process_facility_table
    return fac_df, fac_df_stage_3
                   ^^^^^^^^^^^^^^
UnboundLocalError: cannot access local variable 'fac_df_stage_3' where it is not associated with a value
