2025-07-31 19:22:46,251 - Housekeeping - INFO - Starting housekeeping for 4 tables
2025-07-31 19:22:46,251 - Housekeeping - INFO - Deleting data older than 2 years
2025-07-31 19:22:46,251 - Housekeeping - INFO - Starting housekeeping for table: exposure_table
2025-07-31 19:22:46,252 - Housekeeping - INFO - Years old: 2
2025-07-31 19:22:46,252 - Housekeeping - INFO - Executing DELETE for table exposure_table
2025-07-31 19:22:46,252 - Housekeeping - INFO - Cutoff date: 2023-08-01 07:22:46.252087
2025-07-31 19:22:46,319 - Housekeeping - ERROR - Failed to delete old data from exposure_table: ('22007', '[22007] [Microsoft][ODBC Driver 18 for SQL Server][SQL Server]Conversion failed when converting date and/or time from character string. (241) (SQLExecDirectW)')
2025-07-31 19:22:46,320 - Housekeeping - INFO - Starting housekeeping for table: collateral_table
2025-07-31 19:22:46,320 - Housekeeping - INFO - Years old: 2
2025-07-31 19:22:46,320 - Housekeeping - INFO - Executing DELETE for table collateral_table
2025-07-31 19:22:46,320 - Housekeeping - INFO - Cutoff date: 2023-08-01 07:22:46.320504
2025-07-31 19:22:46,337 - Housekeeping - ERROR - Failed to delete old data from collateral_table: ('22007', '[22007] [Microsoft][ODBC Driver 18 for SQL Server][SQL Server]Conversion failed when converting date and/or time from character string. (241) (SQLExecDirectW)')
2025-07-31 19:22:46,338 - Housekeeping - INFO - Starting housekeeping for table: schedule_table
2025-07-31 19:22:46,338 - Housekeeping - INFO - Years old: 2
2025-07-31 19:22:46,338 - Housekeeping - INFO - Executing DELETE for table schedule_table
2025-07-31 19:22:46,338 - Housekeeping - INFO - Cutoff date: 2023-08-01 07:22:46.338320
2025-07-31 19:22:46,354 - Housekeeping - ERROR - Failed to delete old data from schedule_table: ('22007', '[22007] [Microsoft][ODBC Driver 18 for SQL Server][SQL Server]Conversion failed when converting date and/or time from character string. (241) (SQLExecDirectW)')
2025-07-31 19:22:46,354 - Housekeeping - INFO - Starting housekeeping for table: facility_table
2025-07-31 19:22:46,355 - Housekeeping - INFO - Years old: 2
2025-07-31 19:22:46,355 - Housekeeping - INFO - Executing DELETE for table facility_table
2025-07-31 19:22:46,355 - Housekeeping - INFO - Cutoff date: 2023-08-01 07:22:46.355165
2025-07-31 19:22:46,372 - Housekeeping - ERROR - Failed to delete old data from facility_table: ('22007', '[22007] [Microsoft][ODBC Driver 18 for SQL Server][SQL Server]Conversion failed when converting date and/or time from character string. (241) (SQLExecDirectW)')
2025-07-31 19:22:46,373 - Housekeeping - INFO - Housekeeping completed
2025-07-31 19:34:22,907 - Housekeeping - INFO - Starting housekeeping for 4 tables
2025-07-31 19:34:22,907 - Housekeeping - INFO - Deleting data older than 2 years
2025-07-31 19:34:22,907 - Housekeeping - INFO - Starting housekeeping for table: exposure_table
2025-07-31 19:34:22,907 - Housekeeping - INFO - Years old: 2
2025-07-31 19:34:22,907 - Housekeeping - INFO - Executing DELETE for table exposure_table
2025-07-31 19:34:22,907 - Housekeeping - INFO - Cutoff date: 20230801_073422
2025-07-31 19:34:23,124 - Housekeeping - INFO - No old records found in table exposure_table
2025-07-31 19:34:23,125 - Housekeeping - INFO - Starting housekeeping for table: collateral_table
2025-07-31 19:34:23,125 - Housekeeping - INFO - Years old: 2
2025-07-31 19:34:23,125 - Housekeeping - INFO - Executing DELETE for table collateral_table
2025-07-31 19:34:23,125 - Housekeeping - INFO - Cutoff date: 20230801_073423
2025-07-31 19:34:23,283 - Housekeeping - INFO - No old records found in table collateral_table
2025-07-31 19:34:23,284 - Housekeeping - INFO - Starting housekeeping for table: schedule_table
2025-07-31 19:34:23,284 - Housekeeping - INFO - Years old: 2
2025-07-31 19:34:23,284 - Housekeeping - INFO - Executing DELETE for table schedule_table
2025-07-31 19:34:23,284 - Housekeeping - INFO - Cutoff date: 20230801_073423
2025-07-31 19:34:23,356 - Housekeeping - INFO - No old records found in table schedule_table
2025-07-31 19:34:23,357 - Housekeeping - INFO - Starting housekeeping for table: facility_table
2025-07-31 19:34:23,357 - Housekeeping - INFO - Years old: 2
2025-07-31 19:34:23,357 - Housekeeping - INFO - Executing DELETE for table facility_table
2025-07-31 19:34:23,357 - Housekeeping - INFO - Cutoff date: 20230801_073423
2025-07-31 19:34:23,511 - Housekeeping - INFO - No old records found in table facility_table
2025-07-31 19:34:23,512 - Housekeeping - INFO - Housekeeping completed
2025-07-31 20:04:27,566 - Housekeeping - INFO - Starting housekeeping for 4 tables
2025-07-31 20:04:27,566 - Housekeeping - INFO - Deleting data older than 2 years
2025-07-31 20:04:27,567 - Housekeeping - INFO - Starting housekeeping for table: exposure_table
2025-07-31 20:04:27,567 - Housekeeping - INFO - Years old: 2
2025-07-31 20:04:27,567 - Housekeeping - INFO - Executing DELETE for table exposure_table
2025-07-31 20:04:27,567 - Housekeeping - INFO - Cutoff date: 20230801_080427
2025-07-31 20:04:27,687 - Housekeeping - INFO - No old records found in table exposure_table
2025-07-31 20:04:27,688 - Housekeeping - INFO - Starting housekeeping for table: collateral_table
2025-07-31 20:04:27,688 - Housekeeping - INFO - Years old: 2
2025-07-31 20:04:27,689 - Housekeeping - INFO - Executing DELETE for table collateral_table
2025-07-31 20:04:27,689 - Housekeeping - INFO - Cutoff date: 20230801_080427
2025-07-31 20:04:27,780 - Housekeeping - INFO - Successfully deleted 10 records from collateral_table
2025-07-31 20:04:27,780 - Housekeeping - INFO - Starting housekeeping for table: schedule_table
2025-07-31 20:04:27,780 - Housekeeping - INFO - Years old: 2
2025-07-31 20:04:27,780 - Housekeeping - INFO - Executing DELETE for table schedule_table
2025-07-31 20:04:27,781 - Housekeeping - INFO - Cutoff date: 20230801_080427
2025-07-31 20:04:27,800 - Housekeeping - INFO - No old records found in table schedule_table
2025-07-31 20:04:27,800 - Housekeeping - INFO - Starting housekeeping for table: facility_table
2025-07-31 20:04:27,801 - Housekeeping - INFO - Years old: 2
2025-07-31 20:04:27,801 - Housekeeping - INFO - Executing DELETE for table facility_table
2025-07-31 20:04:27,801 - Housekeeping - INFO - Cutoff date: 20230801_080427
2025-07-31 20:04:27,855 - Housekeeping - INFO - No old records found in table facility_table
2025-07-31 20:04:27,856 - Housekeeping - INFO - Housekeeping completed
2025-07-31 20:05:13,752 - Housekeeping - INFO - Starting housekeeping for 4 tables
2025-07-31 20:05:13,752 - Housekeeping - INFO - Deleting data older than 2 years
2025-07-31 20:05:13,752 - Housekeeping - INFO - Starting housekeeping for table: exposure_table
2025-07-31 20:05:13,752 - Housekeeping - INFO - Years old: 2
2025-07-31 20:05:13,752 - Housekeeping - INFO - Executing DELETE for table exposure_table
2025-07-31 20:05:13,752 - Housekeeping - INFO - Cutoff date: 20230801_080513
2025-07-31 20:05:13,873 - Housekeeping - INFO - No old records found in table exposure_table
2025-07-31 20:05:13,874 - Housekeeping - INFO - Starting housekeeping for table: collateral_table
2025-07-31 20:05:13,875 - Housekeeping - INFO - Years old: 2
2025-07-31 20:05:13,875 - Housekeeping - INFO - Executing DELETE for table collateral_table
2025-07-31 20:05:13,875 - Housekeeping - INFO - Cutoff date: 20230801_080513
2025-07-31 20:05:13,915 - Housekeeping - INFO - No old records found in table collateral_table
2025-07-31 20:05:13,915 - Housekeeping - INFO - Starting housekeeping for table: schedule_table
2025-07-31 20:05:13,915 - Housekeeping - INFO - Years old: 2
2025-07-31 20:05:13,916 - Housekeeping - INFO - Executing DELETE for table schedule_table
2025-07-31 20:05:13,916 - Housekeeping - INFO - Cutoff date: 20230801_080513
2025-07-31 20:05:13,935 - Housekeeping - INFO - No old records found in table schedule_table
2025-07-31 20:05:13,935 - Housekeeping - INFO - Starting housekeeping for table: facility_table
2025-07-31 20:05:13,936 - Housekeeping - INFO - Years old: 2
2025-07-31 20:05:13,936 - Housekeeping - INFO - Executing DELETE for table facility_table
2025-07-31 20:05:13,936 - Housekeeping - INFO - Cutoff date: 20230801_080513
2025-07-31 20:05:13,989 - Housekeeping - INFO - No old records found in table facility_table
2025-07-31 20:05:13,990 - Housekeeping - INFO - Housekeeping completed
2025-07-31 20:05:49,219 - Housekeeping - INFO - Starting housekeeping for 4 tables
2025-07-31 20:05:49,219 - Housekeeping - INFO - Deleting data older than 2 years
2025-07-31 20:05:49,219 - Housekeeping - INFO - Starting housekeeping for table: exposure_table
2025-07-31 20:05:49,219 - Housekeeping - INFO - Years old: 2
2025-07-31 20:05:49,220 - Housekeeping - INFO - Executing DELETE for table exposure_table
2025-07-31 20:05:49,220 - Housekeeping - INFO - Cutoff date: 20230801_080549
2025-07-31 20:05:49,339 - Housekeeping - INFO - No old records found in table exposure_table
2025-07-31 20:05:49,341 - Housekeeping - INFO - Starting housekeeping for table: collateral_table
2025-07-31 20:05:49,341 - Housekeeping - INFO - Years old: 2
2025-07-31 20:05:49,341 - Housekeeping - INFO - Executing DELETE for table collateral_table
2025-07-31 20:05:49,341 - Housekeeping - INFO - Cutoff date: 20230801_080549
2025-07-31 20:05:49,430 - Housekeeping - INFO - Successfully deleted 10 records from collateral_table
2025-07-31 20:05:49,431 - Housekeeping - INFO - Starting housekeeping for table: schedule_table
2025-07-31 20:05:49,431 - Housekeeping - INFO - Years old: 2
2025-07-31 20:05:49,431 - Housekeeping - INFO - Executing DELETE for table schedule_table
2025-07-31 20:05:49,432 - Housekeeping - INFO - Cutoff date: 20230801_080549
2025-07-31 20:05:49,453 - Housekeeping - INFO - No old records found in table schedule_table
2025-07-31 20:05:49,455 - Housekeeping - INFO - Starting housekeeping for table: facility_table
2025-07-31 20:05:49,455 - Housekeeping - INFO - Years old: 2
2025-07-31 20:05:49,455 - Housekeeping - INFO - Executing DELETE for table facility_table
2025-07-31 20:05:49,455 - Housekeeping - INFO - Cutoff date: 20230801_080549
2025-07-31 20:05:49,520 - Housekeeping - INFO - No old records found in table facility_table
2025-07-31 20:05:49,521 - Housekeeping - INFO - Housekeeping completed
2025-08-01 14:49:40,532 - Housekeeping - INFO - Starting housekeeping for 4 tables
2025-08-01 14:49:40,532 - Housekeeping - INFO - Deleting data older than 2 years
2025-08-01 14:49:40,533 - Housekeeping - INFO - Starting housekeeping for table: exposure_table
2025-08-01 14:49:40,533 - Housekeeping - INFO - Years old: 2
2025-08-01 14:49:40,533 - Housekeeping - INFO - Executing DELETE for table exposure_table
2025-08-01 14:49:40,533 - Housekeeping - INFO - Cutoff date: 20230802_024940
2025-08-01 14:49:40,653 - Housekeeping - INFO - No old records found in table exposure_table
2025-08-01 14:49:40,655 - Housekeeping - INFO - Starting housekeeping for table: collateral_table
2025-08-01 14:49:40,655 - Housekeeping - INFO - Years old: 2
2025-08-01 14:49:40,655 - Housekeeping - INFO - Executing DELETE for table collateral_table
2025-08-01 14:49:40,655 - Housekeeping - INFO - Cutoff date: 20230802_024940
2025-08-01 14:49:40,695 - Housekeeping - INFO - No old records found in table collateral_table
2025-08-01 14:49:40,696 - Housekeeping - INFO - Starting housekeeping for table: schedule_table
2025-08-01 14:49:40,696 - Housekeeping - INFO - Years old: 2
2025-08-01 14:49:40,696 - Housekeeping - INFO - Executing DELETE for table schedule_table
2025-08-01 14:49:40,696 - Housekeeping - INFO - Cutoff date: 20230802_024940
2025-08-01 14:49:40,716 - Housekeeping - INFO - No old records found in table schedule_table
2025-08-01 14:49:40,717 - Housekeeping - INFO - Starting housekeeping for table: facility_table
2025-08-01 14:49:40,717 - Housekeeping - INFO - Years old: 2
2025-08-01 14:49:40,717 - Housekeeping - INFO - Executing DELETE for table facility_table
2025-08-01 14:49:40,717 - Housekeeping - INFO - Cutoff date: 20230802_024940
2025-08-01 14:49:40,780 - Housekeeping - INFO - No old records found in table facility_table
2025-08-01 14:49:40,781 - Housekeeping - INFO - Housekeeping completed
2025-08-01 14:51:49,466 - Housekeeping - INFO - Starting housekeeping for 4 tables
2025-08-01 14:51:49,466 - Housekeeping - INFO - Deleting data older than 2 years
2025-08-01 14:51:49,466 - Housekeeping - INFO - Starting housekeeping for table: exposure_table
2025-08-01 14:51:49,466 - Housekeeping - INFO - Years old: 2
2025-08-01 14:51:49,466 - Housekeeping - INFO - Executing DELETE for table exposure_table
2025-08-01 14:51:49,466 - Housekeeping - INFO - Cutoff date: 20230802_025149
2025-08-01 14:51:49,580 - Housekeeping - INFO - No old records found in table exposure_table
2025-08-01 14:51:49,581 - Housekeeping - INFO - Starting housekeeping for table: collateral_table
2025-08-01 14:51:49,581 - Housekeeping - INFO - Years old: 2
2025-08-01 14:51:49,581 - Housekeeping - INFO - Executing DELETE for table collateral_table
2025-08-01 14:51:49,581 - Housekeeping - INFO - Cutoff date: 20230802_025149
2025-08-01 14:51:49,671 - Housekeeping - INFO - Successfully deleted 10 records from collateral_table
2025-08-01 14:51:49,672 - Housekeeping - INFO - Starting housekeeping for table: schedule_table
2025-08-01 14:51:49,672 - Housekeeping - INFO - Years old: 2
2025-08-01 14:51:49,672 - Housekeeping - INFO - Executing DELETE for table schedule_table
2025-08-01 14:51:49,672 - Housekeeping - INFO - Cutoff date: 20230802_025149
2025-08-01 14:51:49,691 - Housekeeping - INFO - No old records found in table schedule_table
2025-08-01 14:51:49,692 - Housekeeping - INFO - Starting housekeeping for table: facility_table
2025-08-01 14:51:49,692 - Housekeeping - INFO - Years old: 2
2025-08-01 14:51:49,692 - Housekeeping - INFO - Executing DELETE for table facility_table
2025-08-01 14:51:49,692 - Housekeeping - INFO - Cutoff date: 20230802_025149
2025-08-01 14:51:49,743 - Housekeeping - INFO - No old records found in table facility_table
2025-08-01 14:51:49,744 - Housekeeping - INFO - Housekeeping completed
2025-08-01 16:07:05,815 - Housekeeping - INFO - Starting housekeeping for 4 tables
2025-08-01 16:07:05,816 - Housekeeping - INFO - Deleting data older than 2 years
2025-08-01 16:07:05,816 - Housekeeping - INFO - Starting housekeeping for table: exposure_table
2025-08-01 16:07:05,816 - Housekeeping - INFO - Years old: 2
2025-08-01 16:07:05,816 - Housekeeping - INFO - Executing DELETE for table exposure_table
2025-08-01 16:07:05,816 - Housekeeping - INFO - Cutoff date: 20230802_040705
2025-08-01 16:07:05,934 - Housekeeping - INFO - No old records found in table exposure_table
2025-08-01 16:07:05,935 - Housekeeping - INFO - Starting housekeeping for table: collateral_table
2025-08-01 16:07:05,935 - Housekeeping - INFO - Years old: 2
2025-08-01 16:07:05,935 - Housekeeping - INFO - Executing DELETE for table collateral_table
2025-08-01 16:07:05,935 - Housekeeping - INFO - Cutoff date: 20230802_040705
2025-08-01 16:07:05,979 - Housekeeping - INFO - No old records found in table collateral_table
2025-08-01 16:07:05,980 - Housekeeping - INFO - Starting housekeeping for table: schedule_table
2025-08-01 16:07:05,980 - Housekeeping - INFO - Years old: 2
2025-08-01 16:07:05,980 - Housekeeping - INFO - Executing DELETE for table schedule_table
2025-08-01 16:07:05,980 - Housekeeping - INFO - Cutoff date: 20230802_040705
2025-08-01 16:07:06,000 - Housekeeping - INFO - No old records found in table schedule_table
2025-08-01 16:07:06,001 - Housekeeping - INFO - Starting housekeeping for table: facility_table
2025-08-01 16:07:06,001 - Housekeeping - INFO - Years old: 2
2025-08-01 16:07:06,001 - Housekeeping - INFO - Executing DELETE for table facility_table
2025-08-01 16:07:06,001 - Housekeeping - INFO - Cutoff date: 20230802_040706
2025-08-01 16:07:06,054 - Housekeeping - INFO - No old records found in table facility_table
2025-08-01 16:07:06,054 - Housekeeping - INFO - Housekeeping completed
2025-08-01 16:08:24,756 - Housekeeping - INFO - Starting housekeeping for 4 tables
2025-08-01 16:08:24,756 - Housekeeping - INFO - Deleting data older than 2 years
2025-08-01 16:08:24,756 - Housekeeping - INFO - Starting housekeeping for table: exposure_table
2025-08-01 16:08:24,757 - Housekeeping - INFO - Years old: 2
2025-08-01 16:08:24,757 - Housekeeping - INFO - Executing DELETE for table exposure_table
2025-08-01 16:08:24,757 - Housekeeping - INFO - Cutoff date: 20230802_040824
2025-08-01 16:08:24,877 - Housekeeping - INFO - No old records found in table exposure_table
2025-08-01 16:08:24,878 - Housekeeping - INFO - Starting housekeeping for table: collateral_table
2025-08-01 16:08:24,878 - Housekeeping - INFO - Years old: 2
2025-08-01 16:08:24,878 - Housekeeping - INFO - Executing DELETE for table collateral_table
2025-08-01 16:08:24,878 - Housekeeping - INFO - Cutoff date: 20230802_040824
2025-08-01 16:08:24,969 - Housekeeping - INFO - Successfully deleted 20 records from collateral_table
2025-08-01 16:08:24,970 - Housekeeping - INFO - Starting housekeeping for table: schedule_table
2025-08-01 16:08:24,970 - Housekeeping - INFO - Years old: 2
2025-08-01 16:08:24,970 - Housekeeping - INFO - Executing DELETE for table schedule_table
2025-08-01 16:08:24,970 - Housekeeping - INFO - Cutoff date: 20230802_040824
2025-08-01 16:08:24,990 - Housekeeping - INFO - No old records found in table schedule_table
2025-08-01 16:08:24,991 - Housekeeping - INFO - Starting housekeeping for table: facility_table
2025-08-01 16:08:24,991 - Housekeeping - INFO - Years old: 2
2025-08-01 16:08:24,991 - Housekeeping - INFO - Executing DELETE for table facility_table
2025-08-01 16:08:24,991 - Housekeeping - INFO - Cutoff date: 20230802_040824
2025-08-01 16:08:25,042 - Housekeeping - INFO - No old records found in table facility_table
2025-08-01 16:08:25,043 - Housekeeping - INFO - Housekeeping completed
python3: can't open file '/u01/Apps/EY_working/ECL_Engine_v0.4/housekeeping.py': [Errno 2] No such file or directory
python3: can't open file '/u01/Apps/EY_working/ECL_Engine_v0.4/housekeeping.py': [Errno 2] No such file or directory
python3: can't open file '/u01/Apps/EY_working/ECL_Engine_v0.4/housekeeping.py': [Errno 2] No such file or directory
python3: can't open file '/u01/Apps/EY_working/ECL_Engine_v0.4/housekeeping.py': [Errno 2] No such file or directory
python3: can't open file '/u01/Apps/EY_working/ECL_Engine_v0.4/housekeeping.py': [Errno 2] No such file or directory
python3: can't open file '/u01/Apps/EY_working/ECL_Engine_v0.4/housekeeping.py': [Errno 2] No such file or directory
2025-08-12 19:01:07,582 - FolderHousekeeping - INFO - DATA_PATH validated: C:\Users\SA814XM\Engagement\01_CNCBI\CNCBI_ECL_Engine\02_engine_server\99_data\01_merged_data_folder
2025-08-12 19:01:07,583 - FolderHousekeeping - INFO - PARAM_PATH validated: C:\Users\SA814XM\Engagement\01_CNCBI\CNCBI_ECL_Engine\02_engine_server\99_data\02_param_upload_folder
2025-08-12 19:01:07,583 - FolderHousekeeping - INFO - OUTPUT_PATH validated: C:\Users\SA814XM\Engagement\01_CNCBI\CNCBI_ECL_Engine\02_engine_server\99_data\03_output_folder
2025-08-12 19:01:09,841 - FolderHousekeeping - INFO - DATA_PATH validated: C:\Users\SA814XM\Engagement\01_CNCBI\CNCBI_ECL_Engine\02_engine_server\99_data\01_merged_data_folder
2025-08-12 19:01:09,841 - FolderHousekeeping - INFO - PARAM_PATH validated: C:\Users\SA814XM\Engagement\01_CNCBI\CNCBI_ECL_Engine\02_engine_server\99_data\02_param_upload_folder
2025-08-12 19:01:09,841 - FolderHousekeeping - INFO - OUTPUT_PATH validated: C:\Users\SA814XM\Engagement\01_CNCBI\CNCBI_ECL_Engine\02_engine_server\99_data\03_output_folder
2025-08-12 19:02:28,730 - Housekeeping - INFO - Loading batch calendar from: C:\Users\SA814XM\Engagement\01_CNCBI\CNCBI_ECL_Engine\02_engine_server\cncbi_engine\ECL_Engine_v0.4\batch_calendar.txt
2025-08-12 19:02:28,760 - Housekeeping - INFO - Line 4: Loaded batch date 20250724 with level 60M
2025-08-12 19:02:28,760 - Housekeeping - INFO - Line 5: Loaded batch date 20250725 with level DEFAULT
2025-08-12 19:02:28,760 - Housekeeping - INFO - Line 6: Loaded batch date 20250729 with level DEFAULT
2025-08-12 19:02:28,760 - Housekeeping - INFO - Line 7: Loaded batch date 20250730 with level DEFAULT
2025-08-12 19:02:28,760 - Housekeeping - INFO - Line 8: Loaded batch date 20250731 with level DEFAULT
2025-08-12 19:02:28,760 - Housekeeping - INFO - Line 9: Loaded batch date 20250801 with level DEFAULT
2025-08-12 19:02:28,761 - Housekeeping - INFO - Line 10: Loaded batch date 20250807 with level DEFAULT
2025-08-12 19:02:28,761 - Housekeeping - INFO - Line 11: Loaded batch date 20250815 with level 60M
2025-08-12 19:02:28,761 - Housekeeping - INFO - Successfully loaded 8 batch dates from calendar
2025-08-12 19:08:42,911 - Housekeeping - INFO - Loading batch calendar from: C:\Users\SA814XM\Engagement\01_CNCBI\CNCBI_ECL_Engine\02_engine_server\cncbi_engine\ECL_Engine_v0.4\batch_calendar.txt
2025-08-12 19:08:42,918 - Housekeeping - INFO - Line 4: Loaded batch date 20250724 with level 60M
2025-08-12 19:08:42,919 - Housekeeping - INFO - Line 5: Loaded batch date 20250725 with level DEFAULT
2025-08-12 19:08:42,919 - Housekeeping - INFO - Line 6: Loaded batch date 20250729 with level DEFAULT
2025-08-12 19:08:42,919 - Housekeeping - INFO - Line 7: Loaded batch date 20250730 with level DEFAULT
2025-08-12 19:08:42,919 - Housekeeping - INFO - Line 8: Loaded batch date 20250731 with level DEFAULT
2025-08-12 19:08:42,919 - Housekeeping - INFO - Line 9: Loaded batch date 20250801 with level DEFAULT
2025-08-12 19:08:42,919 - Housekeeping - INFO - Line 10: Loaded batch date 20250807 with level DEFAULT
2025-08-12 19:08:42,919 - Housekeeping - INFO - Line 11: Loaded batch date 20250815 with level 60M
2025-08-12 19:08:42,919 - Housekeeping - INFO - Successfully loaded 8 batch dates from calendar
2025-08-12 19:08:45,844 - Housekeeping - INFO - Loading batch calendar from: C:\Users\SA814XM\Engagement\01_CNCBI\CNCBI_ECL_Engine\02_engine_server\cncbi_engine\ECL_Engine_v0.4\batch_calendar.txt
2025-08-12 19:08:45,850 - Housekeeping - INFO - Line 4: Loaded batch date 20250724 with level 60M
2025-08-12 19:08:45,850 - Housekeeping - INFO - Line 5: Loaded batch date 20250725 with level DEFAULT
2025-08-12 19:08:45,850 - Housekeeping - INFO - Line 6: Loaded batch date 20250729 with level DEFAULT
2025-08-12 19:08:45,850 - Housekeeping - INFO - Line 7: Loaded batch date 20250730 with level DEFAULT
2025-08-12 19:08:45,850 - Housekeeping - INFO - Line 8: Loaded batch date 20250731 with level DEFAULT
2025-08-12 19:08:45,850 - Housekeeping - INFO - Line 9: Loaded batch date 20250801 with level DEFAULT
2025-08-12 19:08:45,850 - Housekeeping - INFO - Line 10: Loaded batch date 20250807 with level DEFAULT
2025-08-12 19:08:45,850 - Housekeeping - INFO - Line 11: Loaded batch date 20250815 with level 60M
2025-08-12 19:08:45,851 - Housekeeping - INFO - Successfully loaded 8 batch dates from calendar
2025-08-12 19:08:58,250 - FolderHousekeeping - INFO - DATA_PATH validated: C:\Users\SA814XM\Engagement\01_CNCBI\CNCBI_ECL_Engine\02_engine_server\99_data\01_merged_data_folder
2025-08-12 19:08:58,251 - FolderHousekeeping - INFO - PARAM_PATH validated: C:\Users\SA814XM\Engagement\01_CNCBI\CNCBI_ECL_Engine\02_engine_server\99_data\02_param_upload_folder
2025-08-12 19:08:58,251 - FolderHousekeeping - INFO - OUTPUT_PATH validated: C:\Users\SA814XM\Engagement\01_CNCBI\CNCBI_ECL_Engine\02_engine_server\99_data\03_output_folder
2025-08-12 19:12:18,430 - Housekeeping - INFO - Loading batch calendar from: C:\Users\SA814XM\Engagement\01_CNCBI\CNCBI_ECL_Engine\02_engine_server\cncbi_engine\ECL_Engine_v0.4\batch_calendar.txt
2025-08-12 19:12:18,438 - Housekeeping - INFO - Line 4: Loaded batch date 20250724 with level 60M
2025-08-12 19:12:18,438 - Housekeeping - INFO - Line 5: Loaded batch date 20250725 with level DEFAULT
2025-08-12 19:12:18,438 - Housekeeping - INFO - Line 6: Loaded batch date 20250729 with level DEFAULT
2025-08-12 19:12:18,438 - Housekeeping - INFO - Line 7: Loaded batch date 20250730 with level DEFAULT
2025-08-12 19:12:18,438 - Housekeeping - INFO - Line 8: Loaded batch date 20250731 with level DEFAULT
2025-08-12 19:12:18,438 - Housekeeping - INFO - Line 9: Loaded batch date 20250801 with level DEFAULT
2025-08-12 19:12:18,438 - Housekeeping - INFO - Line 10: Loaded batch date 20250807 with level DEFAULT
2025-08-12 19:12:18,438 - Housekeeping - INFO - Line 11: Loaded batch date 20250815 with level 60M
2025-08-12 19:12:18,438 - Housekeeping - INFO - Successfully loaded 8 batch dates from calendar
2025-08-12 19:12:18,446 - FolderHousekeeping - INFO - DATA_PATH validated: C:\Users\SA814XM\Engagement\01_CNCBI\CNCBI_ECL_Engine\02_engine_server\99_data\01_merged_data_folder
2025-08-12 19:12:18,446 - FolderHousekeeping - INFO - PARAM_PATH validated: C:\Users\SA814XM\Engagement\01_CNCBI\CNCBI_ECL_Engine\02_engine_server\99_data\02_param_upload_folder
2025-08-12 19:12:18,447 - FolderHousekeeping - INFO - OUTPUT_PATH validated: C:\Users\SA814XM\Engagement\01_CNCBI\CNCBI_ECL_Engine\02_engine_server\99_data\03_output_folder
2025-08-12 19:12:32,986 - Housekeeping - INFO - Loading batch calendar from: C:\Users\SA814XM\Engagement\01_CNCBI\CNCBI_ECL_Engine\02_engine_server\cncbi_engine\ECL_Engine_v0.4\batch_calendar.txt
2025-08-12 19:12:32,994 - Housekeeping - INFO - Line 4: Loaded batch date 20250724 with level 60M
2025-08-12 19:12:32,994 - Housekeeping - INFO - Line 5: Loaded batch date 20250725 with level DEFAULT
2025-08-12 19:12:32,994 - Housekeeping - INFO - Line 6: Loaded batch date 20250729 with level DEFAULT
2025-08-12 19:12:32,994 - Housekeeping - INFO - Line 7: Loaded batch date 20250730 with level DEFAULT
2025-08-12 19:12:32,994 - Housekeeping - INFO - Line 8: Loaded batch date 20250731 with level DEFAULT
2025-08-12 19:12:32,994 - Housekeeping - INFO - Line 9: Loaded batch date 20250801 with level DEFAULT
2025-08-12 19:12:32,994 - Housekeeping - INFO - Line 10: Loaded batch date 20250807 with level DEFAULT
2025-08-12 19:12:32,994 - Housekeeping - INFO - Line 11: Loaded batch date 20250815 with level 60M
2025-08-12 19:12:32,994 - Housekeeping - INFO - Successfully loaded 8 batch dates from calendar
2025-08-12 19:12:40,494 - FolderHousekeeping - INFO - DATA_PATH validated: C:\Users\SA814XM\Engagement\01_CNCBI\CNCBI_ECL_Engine\02_engine_server\99_data\01_merged_data_folder
2025-08-12 19:12:40,495 - FolderHousekeeping - INFO - PARAM_PATH validated: C:\Users\SA814XM\Engagement\01_CNCBI\CNCBI_ECL_Engine\02_engine_server\99_data\02_param_upload_folder
2025-08-12 19:12:40,495 - FolderHousekeeping - INFO - OUTPUT_PATH validated: C:\Users\SA814XM\Engagement\01_CNCBI\CNCBI_ECL_Engine\02_engine_server\99_data\03_output_folder
